<?xml version="1.0" encoding="UTF-8"?>
<testng-results skipped="0" failed="0" ignored="0" total="1" passed="1">
  <reporter-output>
  </reporter-output>
  <suite name="Default suite" duration-ms="156689" started-at="2018-10-18T23:06:14Z" finished-at="2018-10-18T23:08:51Z">
    <groups>
    </groups>
    <test name="Default test" duration-ms="156689" started-at="2018-10-18T23:06:14Z" finished-at="2018-10-18T23:08:51Z">
      <class name="selenium_first_automation.SignIn">
        <test-method status="PASS" signature="FFDriver()[pri:0, instance:selenium_first_automation.SignIn@59e5ddf]" name="FFDriver" duration-ms="156648" started-at="2018-10-18T23:06:14Z" finished-at="2018-10-18T23:08:51Z">
          <reporter-output>
          </reporter-output>
        </test-method> <!-- FFDriver -->
      </class> <!-- selenium_first_automation.SignIn -->
    </test> <!-- Default test -->
  </suite> <!-- Default suite -->
</testng-results>
